
[2025-07-08T17:13:35.400Z]
POST /api/forget-password
Status: 400
Message: Expected double-quoted property name in JSON at position 41
Stack: SyntaxError: Expected double-quoted property name in JSON at position 41
    at JSON.parse (<anonymous>)
    at parse (F:\thomas-logistics-backend\server\node_modules\body-parser\lib\types\json.js:89:19)
    at F:\thomas-logistics-backend\server\node_modules\body-parser\lib\read.js:128:18
    at AsyncResource.runInAsyncScope (node:async_hooks:206:9)
    at invokeCallback (F:\thomas-logistics-backend\server\node_modules\raw-body\index.js:231:16)
    at done (F:\thomas-logistics-backend\server\node_modules\raw-body\index.js:220:7)
    at IncomingMessage.onEnd (F:\thomas-logistics-backend\server\node_modules\raw-body\index.js:280:7)
    at IncomingMessage.emit (node:events:519:28)
    at endReadableNT (node:internal/streams/readable:1696:12)
    at process.processTicksAndRejections (node:internal/process/task_queues:82:21)


[2025-10-29T20:14:12.917Z]
POST /api/subscriptions/create-subscription
Status: 400
Message: Unexpected non-whitespace character after JSON at position 191
Stack: SyntaxError: Unexpected non-whitespace character after JSON at position 191
    at JSON.parse (<anonymous>)
    at parse (F:\Senior Citizen\node_modules\body-parser\lib\types\json.js:77:19)
    at F:\Senior Citizen\node_modules\body-parser\lib\read.js:123:18
    at AsyncResource.runInAsyncScope (node:async_hooks:206:9)
    at invokeCallback (F:\Senior Citizen\node_modules\raw-body\index.js:238:16)
    at done (F:\Senior Citizen\node_modules\raw-body\index.js:227:7)
    at IncomingMessage.onEnd (F:\Senior Citizen\node_modules\raw-body\index.js:287:7)
    at IncomingMessage.emit (node:events:519:28)
    at endReadableNT (node:internal/streams/readable:1696:12)
    at process.processTicksAndRejections (node:internal/process/task_queues:82:21)


[2025-10-29T20:14:14.965Z]
POST /api/subscriptions/create-subscription
Status: 400
Message: Unexpected non-whitespace character after JSON at position 191
Stack: SyntaxError: Unexpected non-whitespace character after JSON at position 191
    at JSON.parse (<anonymous>)
    at parse (F:\Senior Citizen\node_modules\body-parser\lib\types\json.js:77:19)
    at F:\Senior Citizen\node_modules\body-parser\lib\read.js:123:18
    at AsyncResource.runInAsyncScope (node:async_hooks:206:9)
    at invokeCallback (F:\Senior Citizen\node_modules\raw-body\index.js:238:16)
    at done (F:\Senior Citizen\node_modules\raw-body\index.js:227:7)
    at IncomingMessage.onEnd (F:\Senior Citizen\node_modules\raw-body\index.js:287:7)
    at IncomingMessage.emit (node:events:519:28)
    at endReadableNT (node:internal/streams/readable:1696:12)
    at process.processTicksAndRejections (node:internal/process/task_queues:82:21)


[2025-11-14T20:38:34.531Z]
GET /api/reminders/6907b7a814c2d2ab57101d75/get-reminders?search[recurringReminder]=false
Status: 500
Message: Cannot set property query of #<IncomingMessage> which has only a getter
Stack: TypeError: Cannot set property query of #<IncomingMessage> which has only a getter
    at file:///F:/Senior%20Citizen/Senior%20Citizen%20Backend/index.js:44:13
    at Layer.handleRequest (F:\Senior Citizen\Senior Citizen Backend\node_modules\router\lib\layer.js:152:17)
    at trimPrefix (F:\Senior Citizen\Senior Citizen Backend\node_modules\router\index.js:342:13)
    at F:\Senior Citizen\Senior Citizen Backend\node_modules\router\index.js:297:9
    at processParams (F:\Senior Citizen\Senior Citizen Backend\node_modules\router\index.js:582:12)
    at next (F:\Senior Citizen\Senior Citizen Backend\node_modules\router\index.js:291:5)
    at internalNext (file:///F:/Senior%20Citizen/Senior%20Citizen%20Backend/node_modules/helmet/index.mjs:527:6)
    at xXssProtectionMiddleware (file:///F:/Senior%20Citizen/Senior%20Citizen%20Backend/node_modules/helmet/index.mjs:307:3)
    at internalNext (file:///F:/Senior%20Citizen/Senior%20Citizen%20Backend/node_modules/helmet/index.mjs:525:6)
    at xPoweredByMiddleware (file:///F:/Senior%20Citizen/Senior%20Citizen%20Backend/node_modules/helmet/index.mjs:300:3)

